  Asteroids.cpp
C:\Users\samee\Documents\Programming\Game development\Job search\Asteroids\Asteroids\Asteroids.cpp(57,40): warning C4244: '=': conversion from 'T' to 'T', possible loss of data
          with
          [
              T=unsigned int
          ]
          and
          [
              T=float
          ]
C:\Users\samee\Documents\Programming\Game development\Job search\Asteroids\Asteroids\Asteroids.cpp(61,40): warning C4244: '=': conversion from 'T' to 'T', possible loss of data
          with
          [
              T=unsigned int
          ]
          and
          [
              T=float
          ]
  Game.cpp
C:\Users\samee\Documents\Programming\Game development\Job search\Asteroids\Asteroids\Player.h(28,35): warning C4244: 'initializing': conversion from 'double' to 'const int', possible loss of data
  main.cpp
C:\Users\samee\Documents\Programming\Game development\Job search\Asteroids\Asteroids\Player.h(28,35): warning C4244: 'initializing': conversion from 'double' to 'const int', possible loss of data
  Generating Code...
  Asteroids.vcxproj -> C:\Users\samee\Documents\Programming\Game development\Job search\Asteroids\Debug\Asteroids.exe
